<?xml version="1.0" encoding="UTF-8"?>
<!-- Generated by org.testng.reporters.JUnitReportReporter -->
<testsuite hostname="ankitbhandari" failures="0" tests="9" name="ORG.tvsframework.StandardEdition" time="0.536" errors="1" timestamp="2023-11-01T11:56:19 IST" skipped="8">
  <testcase classname="ORG.tvsframework.StandardEdition" name="configureAppium" time="0.535">
    <error message="&#039;void org.openqa.selenium.remote.http.ClientConfig.&lt;init&gt;(java.net.URI, java.time.Duration, java.time.Duration, org.openqa.selenium.remote.http.Filter, java.net.Proxy, org.openqa.selenium.Credentials)&#039;" type="java.lang.NoSuchMethodError">
      <![CDATA[java.lang.NoSuchMethodError: 'void org.openqa.selenium.remote.http.ClientConfig.<init>(java.net.URI, java.time.Duration, java.time.Duration, org.openqa.selenium.remote.http.Filter, java.net.Proxy, org.openqa.selenium.Credentials)'
at io.appium.java_client.AppiumClientConfig.<init>(AppiumClientConfig.java:62)
at io.appium.java_client.AppiumClientConfig.defaultConfig(AppiumClientConfig.java:79)
at io.appium.java_client.remote.AppiumCommandExecutor.<init>(AppiumCommandExecutor.java:109)
at io.appium.java_client.AppiumDriver.<init>(AppiumDriver.java:101)
at io.appium.java_client.android.AndroidDriver.<init>(AndroidDriver.java:113)
at ORG.tvsframework.BaseTest.configureAppium(BaseTest.java:32)
at java.base/jdk.internal.reflect.NativeMethodAccessorImpl.invoke0(Native Method)
at java.base/jdk.internal.reflect.NativeMethodAccessorImpl.invoke(NativeMethodAccessorImpl.java:77)
at java.base/jdk.internal.reflect.DelegatingMethodAccessorImpl.invoke(DelegatingMethodAccessorImpl.java:43)
at java.base/java.lang.reflect.Method.invoke(Method.java:568)
at org.testng.internal.invokers.MethodInvocationHelper.invokeMethod(MethodInvocationHelper.java:139)
at org.testng.internal.invokers.MethodInvocationHelper.invokeMethodConsideringTimeout(MethodInvocationHelper.java:69)
at org.testng.internal.invokers.ConfigInvoker.invokeConfigurationMethod(ConfigInvoker.java:390)
at org.testng.internal.invokers.ConfigInvoker.invokeConfigurations(ConfigInvoker.java:325)
at org.testng.internal.invokers.TestMethodWorker.invokeBeforeClassMethods(TestMethodWorker.java:180)
at org.testng.internal.invokers.TestMethodWorker.run(TestMethodWorker.java:122)
at java.base/java.util.ArrayList.forEach(ArrayList.java:1511)
at org.testng.TestRunner.privateRun(TestRunner.java:848)
at org.testng.TestRunner.run(TestRunner.java:621)
at org.testng.SuiteRunner.runTest(SuiteRunner.java:443)
at org.testng.SuiteRunner.runSequentially(SuiteRunner.java:437)
at org.testng.SuiteRunner.privateRun(SuiteRunner.java:397)
at org.testng.SuiteRunner.run(SuiteRunner.java:336)
at org.testng.SuiteRunnerWorker.runSuite(SuiteRunnerWorker.java:52)
at org.testng.SuiteRunnerWorker.run(SuiteRunnerWorker.java:95)
at org.testng.TestNG.runSuitesSequentially(TestNG.java:1280)
at org.testng.TestNG.runSuitesLocally(TestNG.java:1200)
at org.testng.TestNG.runSuites(TestNG.java:1114)
at org.testng.TestNG.run(TestNG.java:1082)
at org.testng.remote.AbstractRemoteTestNG.run(AbstractRemoteTestNG.java:115)
at org.testng.remote.RemoteTestNG.initAndRun(RemoteTestNG.java:251)
at org.testng.remote.RemoteTestNG.main(RemoteTestNG.java:77)
]]>
    </error>
  </testcase> <!-- configureAppium -->
  <testcase classname="ORG.tvsframework.StandardEdition" name="standardLogin" time="0.000">
    <skipped/>
  </testcase> <!-- standardLogin -->
  <testcase classname="ORG.tvsframework.StandardEdition" name="standardAddVehicles" time="0.000">
    <skipped/>
  </testcase> <!-- standardAddVehicles -->
  <testcase classname="ORG.tvsframework.StandardEdition" name="standardMyRides" time="0.000">
    <skipped/>
  </testcase> <!-- standardMyRides -->
  <testcase classname="ORG.tvsframework.StandardEdition" name="standardSettings" time="0.000">
    <skipped/>
  </testcase> <!-- standardSettings -->
  <testcase classname="ORG.tvsframework.StandardEdition" name="standardUserManual" time="0.000">
    <skipped/>
  </testcase> <!-- standardUserManual -->
  <testcase classname="ORG.tvsframework.StandardEdition" name="standardLastParkLocation" time="0.001">
    <skipped/>
  </testcase> <!-- standardLastParkLocation -->
  <testcase classname="ORG.tvsframework.StandardEdition" name="standardRideDetails" time="0.000">
    <skipped/>
  </testcase> <!-- standardRideDetails -->
  <testcase classname="ORG.tvsframework.StandardEdition" name="standardHowToVideos" time="0.000">
    <skipped/>
  </testcase> <!-- standardHowToVideos -->
</testsuite> <!-- ORG.tvsframework.StandardEdition -->
