<?xml version="1.0" encoding="UTF-8"?>
<!-- Generated by org.testng.reporters.JUnitReportReporter -->
<testsuite hostname="ankitbhandari" failures="0" tests="1" name="ORG.tvsframework.roninSettings" time="8.787" errors="0" timestamp="14 Jun 2023 09:56:08 GMT" skipped="0">
  <testcase classname="ORG.tvsframework.roninSettings" name="Tvsprodseatest" time="8.787"/>
</testsuite> <!-- ORG.tvsframework.roninSettings -->
