<?xml version="1.0" encoding="UTF-8"?>
<!-- Generated by org.testng.reporters.JUnitReportReporter -->
<testsuite hostname="ankitbhandari" failures="0" tests="1" name="tvsconnectframework.IndonesiaSignUpValidation" time="7.211" errors="0" timestamp="2024-01-09T16:59:43 IST" skipped="0">
  <testcase classname="tvsconnectframework.IndonesiaSignUpValidation" name="indoSignUpValidation" time="7.211"/>
</testsuite> <!-- tvsconnectframework.IndonesiaSignUpValidation -->
