<?xml version="1.0" encoding="UTF-8"?>
<!-- Generated by org.testng.reporters.JUnitReportReporter -->
<testsuite hostname="ankitbhandari" failures="0" tests="1" name="ORG.tvsframework.TVS_Login_prodSEA" time="0.005" errors="0" timestamp="13 Jun 2023 09:58:26 GMT" skipped="0">
  <testcase classname="ORG.tvsframework.TVS_Login_prodSEA" name="Tvsprodseatest" time="0.005"/>
</testsuite> <!-- ORG.tvsframework.TVS_Login_prodSEA -->
