<?xml version="1.0" encoding="UTF-8"?>
<!-- Generated by org.testng.reporters.JUnitReportReporter -->
<testsuite hostname="ankitbhandari" failures="0" tests="1" name="tvsframework.utils.BaseTest" time="20.074" errors="0" timestamp="2024-02-26T12:47:31 IST" skipped="0">
  <testcase classname="tvsframework.utils.BaseTest" name="configureAppium" time="20.074"/>
</testsuite> <!-- tvsframework.utils.BaseTest -->
