<?xml version="1.0" encoding="UTF-8"?>
<!-- Generated by org.testng.reporters.JUnitReportReporter -->
<testsuite hostname="ankitbhandari" failures="0" tests="1" name="tvsconnectframework.IndonesiaSignUp" time="10.337" errors="0" timestamp="2024-03-28T13:11:22 IST" skipped="0">
  <testcase classname="tvsconnectframework.IndonesiaSignUp" name="indoSignupPage" time="10.337"/>
</testsuite> <!-- tvsconnectframework.IndonesiaSignUp -->
