<?xml version="1.0" encoding="UTF-8"?>
<!-- Generated by org.testng.reporters.JUnitReportReporter -->
<testsuite hostname="ankitbhandari" failures="0" tests="4" name="ORG.tvsframework.IndonesiaRonin" time="51.382" errors="0" timestamp="19 Jun 2023 10:26:38 GMT" skipped="0">
  <testcase classname="ORG.tvsframework.IndonesiaRonin" name="roninMyRides" time="2.547"/>
  <testcase classname="ORG.tvsframework.IndonesiaRonin" name="roninUserManual" time="7.793"/>
  <testcase classname="ORG.tvsframework.IndonesiaRonin" name="roninSettings" time="8.371"/>
  <testcase classname="ORG.tvsframework.IndonesiaRonin" name="roninLogin" time="32.671"/>
</testsuite> <!-- ORG.tvsframework.IndonesiaRonin -->
