<?xml version="1.0" encoding="UTF-8"?>
<!-- Generated by org.testng.reporters.JUnitReportReporter -->
<testsuite hostname="ankitbhandari" failures="0" tests="8" name="ORG.tvsframework.StandardEditions" time="105.014" errors="0" timestamp="2024-01-02T17:01:06 IST" skipped="0">
  <testcase classname="ORG.tvsframework.StandardEditions" name="standardLogin" time="15.718"/>
  <testcase classname="ORG.tvsframework.StandardEditions" name="standardAddVehicles" time="17.222"/>
  <testcase classname="ORG.tvsframework.StandardEditions" name="standardMyRides" time="3.456"/>
  <testcase classname="ORG.tvsframework.StandardEditions" name="standardSettings" time="13.991"/>
  <testcase classname="ORG.tvsframework.StandardEditions" name="standardUserManual" time="11.552"/>
  <testcase classname="ORG.tvsframework.StandardEditions" name="standardRideDetails" time="7.893"/>
  <testcase classname="ORG.tvsframework.StandardEditions" name="standardHowToVideos" time="4.282"/>
  <testcase classname="ORG.tvsframework.StandardEditions" name="standardHamburgerOptions" time="30.900"/>
</testsuite> <!-- ORG.tvsframework.StandardEditions -->
